#
# There is insufficient memory for the Java Runtime Environment to continue.
# Native memory allocation (malloc) failed to allocate 1135776 bytes for Chunk::new
# Possible reasons:
#   The system is out of physical RAM or swap space
#   The process is running with CompressedOops enabled, and the Java Heap may be blocking the growth of the native heap
# Possible solutions:
#   Reduce memory load on the system
#   Increase physical memory or swap space
#   Check if swap backing store is full
#   Decrease Java heap size (-Xmx/-Xms)
#   Decrease number of Java threads
#   Decrease Java thread stack sizes (-Xss)
#   Set larger code cache with -XX:ReservedCodeCacheSize=
#   JVM is running with Unscaled Compressed Oops mode in which the Java heap is
#     placed in the first 4GB address space. The Java Heap base address is the
#     maximum limit for the native heap growth. Please use -XX:HeapBaseMinAddress
#     to set the Java Heap base and to place the Java Heap above 4GB virtual address.
# This output file may be truncated or incomplete.
#
#  Out of Memory Error (allocation.cpp:389), pid=14292, tid=0x0000000000002b60
#
# JRE version: OpenJDK Runtime Environment (8.0_242-b01) (build 1.8.0_242-release-1644-b01)
# Java VM: OpenJDK 64-Bit Server VM (25.242-b01 mixed mode windows-amd64 compressed oops)
# Failed to write core dump. Minidumps are not enabled by default on client versions of Windows
#

---------------  T H R E A D  ---------------

Current thread (0x0000000017747800):  JavaThread "C2 CompilerThread0" daemon [_thread_in_native, id=11104, stack(0x0000000018db0000,0x0000000018eb0000)]

Stack: [0x0000000018db0000,0x0000000018eb0000]
[error occurred during error reporting (printing stack bounds), id 0xc0000005]

Native frames: (J=compiled Java code, j=interpreted, Vv=VM code, C=native code)


Current CompileTask:
C2:   9250 1515       4       java.net.URLClassLoader$1::run (5 bytes)


---------------  P R O C E S S  ---------------

Java Threads: ( => current thread )
  0x000000001a023800 JavaThread "File lock request listener" [_thread_in_native, id=11424, stack(0x000000001d460000,0x000000001d560000)]
  0x000000001a020800 JavaThread "Cache worker for journal cache (C:\Users\Desarrollo\.gradle\caches\journal-1)" [_thread_blocked, id=18016, stack(0x000000001d360000,0x000000001d460000)]
  0x000000001a48e000 JavaThread "Thread-9" [_thread_blocked, id=15216, stack(0x000000001d060000,0x000000001d160000)]
  0x000000001a489800 JavaThread "Stdin handler" [_thread_blocked, id=18836, stack(0x000000001cf60000,0x000000001d060000)]
  0x000000001a488800 JavaThread "Asynchronous log dispatcher for DefaultDaemonConnection: socket connection from /127.0.0.1:59907 to /127.0.0.1:59908" [_thread_blocked, id=924, stack(0x000000001ce60000,0x000000001cf60000)]
  0x0000000019f48800 JavaThread "Daemon worker" [_thread_in_vm, id=10132, stack(0x000000001cd60000,0x000000001ce60000)]
  0x000000001925b000 JavaThread "Cancel handler" [_thread_blocked, id=1800, stack(0x000000001cc60000,0x000000001cd60000)]
  0x0000000019e4b800 JavaThread "Handler for socket connection from /127.0.0.1:59907 to /127.0.0.1:59908" [_thread_in_native, id=5224, stack(0x000000001c960000,0x000000001ca60000)]
  0x0000000019e71000 JavaThread "Daemon" [_thread_blocked, id=6916, stack(0x000000001c860000,0x000000001c960000)]
  0x000000001a133800 JavaThread "Daemon periodic checks" [_thread_blocked, id=10236, stack(0x000000001c760000,0x000000001c860000)]
  0x00000000190e7000 JavaThread "Incoming local TCP Connector on port 59907" [_thread_in_native, id=2264, stack(0x00000000197b0000,0x00000000198b0000)]
  0x0000000019360800 JavaThread "Daemon health stats" [_thread_blocked, id=11112, stack(0x00000000196b0000,0x00000000197b0000)]
  0x0000000018fe6000 JavaThread "Service Thread" daemon [_thread_blocked, id=18020, stack(0x00000000194b0000,0x00000000195b0000)]
  0x0000000018fb8800 JavaThread "C1 CompilerThread2" daemon [_thread_blocked, id=16364, stack(0x00000000193b0000,0x00000000194b0000)]
  0x000000001777a800 JavaThread "C2 CompilerThread1" daemon [_thread_blocked, id=10316, stack(0x0000000018eb0000,0x0000000018fb0000)]
=>0x0000000017747800 JavaThread "C2 CompilerThread0" daemon [_thread_in_native, id=11104, stack(0x0000000018db0000,0x0000000018eb0000)]
  0x0000000017745800 JavaThread "Attach Listener" daemon [_thread_blocked, id=8808, stack(0x0000000018cb0000,0x0000000018db0000)]
  0x0000000017744800 JavaThread "Signal Dispatcher" daemon [_thread_blocked, id=9812, stack(0x0000000018bb0000,0x0000000018cb0000)]
  0x0000000002b1e000 JavaThread "Finalizer" daemon [_thread_blocked, id=17080, stack(0x0000000018990000,0x0000000018a90000)]
  0x0000000017729000 JavaThread "Reference Handler" daemon [_thread_blocked, id=13892, stack(0x0000000018890000,0x0000000018990000)]
  0x0000000002a22800 JavaThread "main" [_thread_blocked, id=9264, stack(0x0000000002820000,0x0000000002920000)]

Other Threads:
  0x0000000017706800 VMThread [stack: 0x0000000018790000,0x0000000018890000] [id=14096]
  0x0000000018fe6800 WatcherThread [stack: 0x00000000195b0000,0x00000000196b0000] [id=4984]

VM state:not at safepoint (normal execution)

VM Mutex/Monitor currently owned by a thread: None

OutOfMemory and StackOverflow Exception counts:
OutOfMemoryError java_heap_errors=2

heap address: 0x0000000080000000, size: 2048 MB, Compressed Oops mode: 32-bit
Narrow klass base: 0x0000000000000000, Narrow klass shift: 3
Compressed class space size: 1073741824 Address: 0x0000000100000000

Heap:
 PSYoungGen      total 38400K, used 34946K [0x00000000d5580000, 0x00000000d8000000, 0x0000000100000000)
  eden space 33280K, 89% used [0x00000000d5580000,0x00000000d72a4880,0x00000000d7600000)
  from space 5120K, 99% used [0x00000000d7600000,0x00000000d7afc010,0x00000000d7b00000)
  to   space 5120K, 0% used [0x00000000d7b00000,0x00000000d7b00000,0x00000000d8000000)
 ParOldGen       total 87552K, used 1204K [0x0000000080000000, 0x0000000085580000, 0x00000000d5580000)
  object space 87552K, 1% used [0x0000000080000000,0x000000008012d048,0x0000000085580000)
 Metaspace       used 14967K, capacity 15480K, committed 15744K, reserved 1062912K
  class space    used 1977K, capacity 2126K, committed 2176K, reserved 1048576K

Card table byte_map: [0x0000000011ee0000,0x00000000122f0000] byte_map_base: 0x0000000011ae0000

Marking Bits: (ParMarkBitMap*) 0x000000007092f030
 Begin Bits: [0x00000000129a0000, 0x00000000149a0000)
 End Bits:   [0x00000000149a0000, 0x00000000169a0000)

Polling page: 0x0000000002760000

CodeCache: size=245760Kb used=5442Kb max_used=5451Kb free=240317Kb
 bounds [0x0000000002b20000, 0x0000000003080000, 0x0000000011b20000]
 total_blobs=1909 nmethods=1520 adapters=302
 compilation: enabled

Compilation events (10 events):
Event: 9.062 Thread 0x0000000018fb8800 1520       3       org.gradle.api.file.internal.FilePathUtil::sizeOfCommonPrefix (10 bytes)
Event: 9.062 Thread 0x0000000018fb8800 nmethod 1520 0x000000000306af10 code [0x000000000306b080, 0x000000000306b1e8]
Event: 9.062 Thread 0x0000000018fb8800 1521       3       com.google.common.collect.AbstractIndexedListIterator::next (31 bytes)
Event: 9.062 Thread 0x0000000018fb8800 nmethod 1521 0x000000000306a7d0 code [0x000000000306a960, 0x000000000306adb8]
Event: 9.062 Thread 0x0000000018fb8800 1522       1       com.google.common.collect.RegularImmutableList::size (5 bytes)
Event: 9.062 Thread 0x0000000018fb8800 nmethod 1522 0x0000000003071350 code [0x00000000030714a0, 0x00000000030715b0]
Event: 9.071 Thread 0x0000000018fb8800 1523       1       java.util.concurrent.atomic.AtomicInteger::get (5 bytes)
Event: 9.071 Thread 0x0000000018fb8800 nmethod 1523 0x0000000003071610 code [0x0000000003071760, 0x0000000003071870]
Event: 9.081 Thread 0x000000001777a800 1524       4       java.util.jar.JarFile::maybeInstantiateVerifier (96 bytes)
Event: 9.098 Thread 0x000000001777a800 nmethod 1524 0x0000000003074950 code [0x0000000003074ae0, 0x0000000003074f38]

GC Heap History (6 events):
Event: 3.523 GC heap before
{Heap before GC invocations=1 (full 0):
 PSYoungGen      total 38400K, used 33280K [0x00000000d5580000, 0x00000000d8000000, 0x0000000100000000)
  eden space 33280K, 100% used [0x00000000d5580000,0x00000000d7600000,0x00000000d7600000)
  from space 5120K, 0% used [0x00000000d7b00000,0x00000000d7b00000,0x00000000d8000000)
  to   space 5120K, 0% used [0x00000000d7600000,0x00000000d7600000,0x00000000d7b00000)
 ParOldGen       total 87552K, used 0K [0x0000000080000000, 0x0000000085580000, 0x00000000d5580000)
  object space 87552K, 0% used [0x0000000080000000,0x0000000080000000,0x0000000085580000)
 Metaspace       used 7538K, capacity 7836K, committed 8064K, reserved 1056768K
  class space    used 924K, capacity 1036K, committed 1152K, reserved 1048576K
Event: 3.537 GC heap after
Heap after GC invocations=1 (full 0):
 PSYoungGen      total 38400K, used 4508K [0x00000000d5580000, 0x00000000d8000000, 0x0000000100000000)
  eden space 33280K, 0% used [0x00000000d5580000,0x00000000d5580000,0x00000000d7600000)
  from space 5120K, 88% used [0x00000000d7600000,0x00000000d7a672f8,0x00000000d7b00000)
  to   space 5120K, 0% used [0x00000000d7b00000,0x00000000d7b00000,0x00000000d8000000)
 ParOldGen       total 87552K, used 8K [0x0000000080000000, 0x0000000085580000, 0x00000000d5580000)
  object space 87552K, 0% used [0x0000000080000000,0x0000000080002000,0x0000000085580000)
 Metaspace       used 7538K, capacity 7836K, committed 8064K, reserved 1056768K
  class space    used 924K, capacity 1036K, committed 1152K, reserved 1048576K
}
Event: 4.179 GC heap before
{Heap before GC invocations=2 (full 0):
 PSYoungGen      total 38400K, used 37788K [0x00000000d5580000, 0x00000000d8000000, 0x0000000100000000)
  eden space 33280K, 100% used [0x00000000d5580000,0x00000000d7600000,0x00000000d7600000)
  from space 5120K, 88% used [0x00000000d7600000,0x00000000d7a672f8,0x00000000d7b00000)
  to   space 5120K, 0% used [0x00000000d7b00000,0x00000000d7b00000,0x00000000d8000000)
 ParOldGen       total 87552K, used 8K [0x0000000080000000, 0x0000000085580000, 0x00000000d5580000)
  object space 87552K, 0% used [0x0000000080000000,0x0000000080002000,0x0000000085580000)
 Metaspace       used 7767K, capacity 8084K, committed 8320K, reserved 1056768K
  class space    used 949K, capacity 1076K, committed 1152K, reserved 1048576K
Event: 4.187 GC heap after
Heap after GC invocations=2 (full 0):
 PSYoungGen      total 38400K, used 3377K [0x00000000d5580000, 0x00000000d8000000, 0x0000000100000000)
  eden space 33280K, 0% used [0x00000000d5580000,0x00000000d5580000,0x00000000d7600000)
  from space 5120K, 65% used [0x00000000d7b00000,0x00000000d7e4c588,0x00000000d8000000)
  to   space 5120K, 0% used [0x00000000d7600000,0x00000000d7600000,0x00000000d7b00000)
 ParOldGen       total 87552K, used 16K [0x0000000080000000, 0x0000000085580000, 0x00000000d5580000)
  object space 87552K, 0% used [0x0000000080000000,0x0000000080004000,0x0000000085580000)
 Metaspace       used 7767K, capacity 8084K, committed 8320K, reserved 1056768K
  class space    used 949K, capacity 1076K, committed 1152K, reserved 1048576K
}
Event: 8.251 GC heap before
{Heap before GC invocations=3 (full 0):
 PSYoungGen      total 38400K, used 36657K [0x00000000d5580000, 0x00000000d8000000, 0x0000000100000000)
  eden space 33280K, 100% used [0x00000000d5580000,0x00000000d7600000,0x00000000d7600000)
  from space 5120K, 65% used [0x00000000d7b00000,0x00000000d7e4c588,0x00000000d8000000)
  to   space 5120K, 0% used [0x00000000d7600000,0x00000000d7600000,0x00000000d7b00000)
 ParOldGen       total 87552K, used 16K [0x0000000080000000, 0x0000000085580000, 0x00000000d5580000)
  object space 87552K, 0% used [0x0000000080000000,0x0000000080004000,0x0000000085580000)
 Metaspace       used 12160K, capacity 12496K, committed 12800K, reserved 1060864K
  class space    used 1613K, capacity 1734K, committed 1792K, reserved 1048576K
Event: 8.265 GC heap after
Heap after GC invocations=3 (full 0):
 PSYoungGen      total 38400K, used 5104K [0x00000000d5580000, 0x00000000d8000000, 0x0000000100000000)
  eden space 33280K, 0% used [0x00000000d5580000,0x00000000d5580000,0x00000000d7600000)
  from space 5120K, 99% used [0x00000000d7600000,0x00000000d7afc010,0x00000000d7b00000)
  to   space 5120K, 0% used [0x00000000d7b00000,0x00000000d7b00000,0x00000000d8000000)
 ParOldGen       total 87552K, used 1204K [0x0000000080000000, 0x0000000085580000, 0x00000000d5580000)
  object space 87552K, 1% used [0x0000000080000000,0x000000008012d048,0x0000000085580000)
 Metaspace       used 12160K, capacity 12496K, committed 12800K, reserved 1060864K
  class space    used 1613K, capacity 1734K, committed 1792K, reserved 1048576K
}

Deoptimization events (10 events):
Event: 7.995 Thread 0x0000000019e4b800 Uncommon trap: reason=unstable_if action=reinterpret pc=0x0000000002f48968 method=java.util.concurrent.ConcurrentHashMap.putVal(Ljava/lang/Object;Ljava/lang/Object;Z)Ljava/lang/Object; @ 206
Event: 8.053 Thread 0x0000000019e4b800 Uncommon trap: reason=unstable_if action=reinterpret pc=0x0000000002e734d4 method=java.lang.String.substring(I)Ljava/lang/String; @ 35
Event: 8.204 Thread 0x0000000019f48800 Uncommon trap: reason=bimorphic action=maybe_recompile pc=0x0000000002df6010 method=java.util.HashMap.putVal(ILjava/lang/Object;Ljava/lang/Object;ZZ)Ljava/lang/Object; @ 253
Event: 8.204 Thread 0x0000000019f48800 Uncommon trap: reason=bimorphic action=maybe_recompile pc=0x0000000002df6010 method=java.util.HashMap.putVal(ILjava/lang/Object;Ljava/lang/Object;ZZ)Ljava/lang/Object; @ 253
Event: 8.204 Thread 0x0000000019f48800 Uncommon trap: reason=bimorphic action=maybe_recompile pc=0x0000000002df6010 method=java.util.HashMap.putVal(ILjava/lang/Object;Ljava/lang/Object;ZZ)Ljava/lang/Object; @ 253
Event: 8.204 Thread 0x0000000019f48800 Uncommon trap: reason=bimorphic action=maybe_recompile pc=0x0000000002fe56d4 method=java.util.HashMap.putVal(ILjava/lang/Object;Ljava/lang/Object;ZZ)Ljava/lang/Object; @ 253
Event: 8.948 Thread 0x0000000019f48800 Uncommon trap: reason=class_check action=maybe_recompile pc=0x0000000002e81258 method=java.util.regex.Matcher.match(II)Z @ 86
Event: 8.949 Thread 0x0000000019f48800 Uncommon trap: reason=class_check action=maybe_recompile pc=0x0000000002e81258 method=java.util.regex.Matcher.match(II)Z @ 86
Event: 8.949 Thread 0x0000000019f48800 Uncommon trap: reason=class_check action=maybe_recompile pc=0x0000000002e81258 method=java.util.regex.Matcher.match(II)Z @ 86
Event: 8.949 Thread 0x0000000019f48800 Uncommon trap: reason=class_check action=maybe_recompile pc=0x0000000002e40f1c method=java.util.regex.Matcher.match(II)Z @ 86

Classes redefined (0 events):
No events

Internal exceptions (10 events):
Event: 8.000 Thread 0x0000000019e4b800 Exception <a 'java/lang/NoSuchMethodError': <clinit>> (0x00000000d72fa018) thrown at [C:\src\AOSP-openjdk-git\hotspot\src\share\vm\prims\jni.cpp, line 1615]
Event: 8.009 Thread 0x0000000019e4b800 Exception <a 'java/lang/NoSuchMethodError': <clinit>> (0x00000000d730ca60) thrown at [C:\src\AOSP-openjdk-git\hotspot\src\share\vm\prims\jni.cpp, line 1615]
Event: 8.021 Thread 0x0000000019e4b800 Exception <a 'java/lang/NoSuchMethodError': <clinit>> (0x00000000d7333830) thrown at [C:\src\AOSP-openjdk-git\hotspot\src\share\vm\prims\jni.cpp, line 1615]
Event: 8.042 Thread 0x0000000019e4b800 Exception <a 'java/lang/NoSuchMethodError': <clinit>> (0x00000000d734b4c8) thrown at [C:\src\AOSP-openjdk-git\hotspot\src\share\vm\prims\jni.cpp, line 1615]
Event: 8.043 Thread 0x0000000019e4b800 Exception <a 'java/lang/NoSuchMethodError': <clinit>> (0x00000000d7354068) thrown at [C:\src\AOSP-openjdk-git\hotspot\src\share\vm\prims\jni.cpp, line 1615]
Event: 8.047 Thread 0x0000000019e4b800 Exception <a 'java/lang/NoSuchMethodError': <clinit>> (0x00000000d736a560) thrown at [C:\src\AOSP-openjdk-git\hotspot\src\share\vm\prims\jni.cpp, line 1615]
Event: 8.084 Thread 0x0000000019e4b800 Exception <a 'java/lang/NoSuchMethodError': <clinit>> (0x00000000d73c4eb8) thrown at [C:\src\AOSP-openjdk-git\hotspot\src\share\vm\prims\jni.cpp, line 1615]
Event: 8.127 Thread 0x0000000019e4b800 Exception <a 'java/lang/NoSuchMethodError': <clinit>> (0x00000000d73f1828) thrown at [C:\src\AOSP-openjdk-git\hotspot\src\share\vm\prims\jni.cpp, line 1615]
Event: 8.147 Thread 0x0000000019e4b800 Exception <a 'java/lang/NoSuchMethodError': <clinit>> (0x00000000d741e6f8) thrown at [C:\src\AOSP-openjdk-git\hotspot\src\share\vm\prims\jni.cpp, line 1615]
Event: 8.149 Thread 0x0000000019e4b800 Exception <a 'java/lang/NoSuchMethodError': <clinit>> (0x00000000d7429780) thrown at [C:\src\AOSP-openjdk-git\hotspot\src\share\vm\prims\jni.cpp, line 1615]

Events (10 events):
Event: 9.089 loading class java/net/DatagramPacket$1
Event: 9.089 loading class java/net/DatagramPacket$1 done
Event: 9.089 Executing VM operation: RevokeBias
Event: 9.090 Executing VM operation: RevokeBias done
Event: 9.090 Executing VM operation: RevokeBias
Event: 9.090 Executing VM operation: RevokeBias done
Event: 9.091 loading class org/gradle/cache/internal/locklistener/FileLockPacketType
Event: 9.091 loading class org/gradle/cache/internal/locklistener/FileLockPacketType done
Event: 9.092 loading class org/gradle/cache/internal/locklistener/FileLockPacketPayload
Event: 9.092 loading class org/gradle/cache/internal/locklistener/FileLockPacketPayload done


Dynamic libraries:
0x00007ff613490000 - 0x00007ff6134c1000 	C:\Program Files\Android\Android Studio\jre\bin\java.exe
0x00007fffc5030000 - 0x00007fffc5226000 	C:\WINDOWS\SYSTEM32\ntdll.dll
0x00007fffc4af0000 - 0x00007fffc4bad000 	C:\WINDOWS\System32\KERNEL32.DLL
0x00007fffc2dc0000 - 0x00007fffc3088000 	C:\WINDOWS\System32\KERNELBASE.dll
0x00007fffc45c0000 - 0x00007fffc466c000 	C:\WINDOWS\System32\ADVAPI32.dll
0x00007fffc4d00000 - 0x00007fffc4d9e000 	C:\WINDOWS\System32\msvcrt.dll
0x00007fffc3090000 - 0x00007fffc312b000 	C:\WINDOWS\System32\sechost.dll
0x00007fffc4670000 - 0x00007fffc4794000 	C:\WINDOWS\System32\RPCRT4.dll
0x00007fffc4e50000 - 0x00007fffc4ff0000 	C:\WINDOWS\System32\USER32.dll
0x00007fffc28e0000 - 0x00007fffc2902000 	C:\WINDOWS\System32\win32u.dll
0x00007fffc43e0000 - 0x00007fffc440a000 	C:\WINDOWS\System32\GDI32.dll
0x00007fffc2c80000 - 0x00007fffc2d89000 	C:\WINDOWS\System32\gdi32full.dll
0x00007fffc27c0000 - 0x00007fffc285d000 	C:\WINDOWS\System32\msvcp_win.dll
0x00007fffc2910000 - 0x00007fffc2a10000 	C:\WINDOWS\System32\ucrtbase.dll
0x00007fffaa760000 - 0x00007fffaa9fb000 	C:\WINDOWS\WinSxS\amd64_microsoft.windows.common-controls_6595b64144ccf1df_6.0.19041.488_none_ca04af081b815d21\COMCTL32.dll
0x00007fffc49b0000 - 0x00007fffc49e0000 	C:\WINDOWS\System32\IMM32.DLL
0x0000000071200000 - 0x00000000712d2000 	C:\Program Files\Android\Android Studio\jre\jre\bin\msvcr100.dll
0x0000000070160000 - 0x00000000709ab000 	C:\Program Files\Android\Android Studio\jre\jre\bin\server\jvm.dll
0x00007fffc49a0000 - 0x00007fffc49a8000 	C:\WINDOWS\System32\PSAPI.DLL
0x00007fffa5500000 - 0x00007fffa5509000 	C:\WINDOWS\SYSTEM32\WSOCK32.dll
0x00007fffc47a0000 - 0x00007fffc480b000 	C:\WINDOWS\System32\WS2_32.dll
0x00007fffb3c20000 - 0x00007fffb3c47000 	C:\WINDOWS\SYSTEM32\WINMM.dll
0x00007fffbcd10000 - 0x00007fffbcd1a000 	C:\WINDOWS\SYSTEM32\VERSION.dll
0x00007fffb25f0000 - 0x00007fffb25ff000 	C:\Program Files\Android\Android Studio\jre\jre\bin\verify.dll
0x00007fffb1590000 - 0x00007fffb15b9000 	C:\Program Files\Android\Android Studio\jre\jre\bin\java.dll
0x00007fffa3880000 - 0x00007fffa3896000 	C:\Program Files\Android\Android Studio\jre\jre\bin\zip.dll
0x00007fffc37b0000 - 0x00007fffc3ef1000 	C:\WINDOWS\System32\SHELL32.dll
0x00007fffc0490000 - 0x00007fffc0c25000 	C:\WINDOWS\SYSTEM32\windows.storage.dll
0x00007fffc3f90000 - 0x00007fffc42e5000 	C:\WINDOWS\System32\combase.dll
0x00007fffc2110000 - 0x00007fffc213c000 	C:\WINDOWS\SYSTEM32\Wldp.dll
0x00007fffc4da0000 - 0x00007fffc4e4e000 	C:\WINDOWS\System32\SHCORE.dll
0x00007fffc4810000 - 0x00007fffc4865000 	C:\WINDOWS\System32\shlwapi.dll
0x00007fffc26a0000 - 0x00007fffc26c6000 	C:\WINDOWS\SYSTEM32\profapi.dll
0x00007fffa3860000 - 0x00007fffa387a000 	C:\Program Files\Android\Android Studio\jre\jre\bin\net.dll
0x00007fffc1e90000 - 0x00007fffc1efa000 	C:\WINDOWS\system32\mswsock.dll
0x00007fffa17c0000 - 0x00007fffa17d3000 	C:\Program Files\Android\Android Studio\jre\jre\bin\nio.dll
0x00007fffb1a00000 - 0x00007fffb1a26000 	C:\Users\Desarrollo\.gradle\native\31\windows-amd64\native-platform.dll
0x00007fffb1a80000 - 0x00007fffb1a8d000 	C:\Program Files\Android\Android Studio\jre\jre\bin\management.dll
0x00007fffc2060000 - 0x00007fffc2078000 	C:\WINDOWS\SYSTEM32\CRYPTSP.dll
0x00007fffc1800000 - 0x00007fffc1834000 	C:\WINDOWS\system32\rsaenh.dll
0x00007fffc2d90000 - 0x00007fffc2db7000 	C:\WINDOWS\System32\bcrypt.dll
0x00007fffc2620000 - 0x00007fffc264e000 	C:\WINDOWS\SYSTEM32\USERENV.dll
0x00007fffc2860000 - 0x00007fffc28df000 	C:\WINDOWS\System32\bcryptprimitives.dll
0x00007fffc2080000 - 0x00007fffc208c000 	C:\WINDOWS\SYSTEM32\CRYPTBASE.dll
0x00007fffc1b80000 - 0x00007fffc1bbb000 	C:\WINDOWS\SYSTEM32\IPHLPAPI.DLL
0x00007fffc4870000 - 0x00007fffc4878000 	C:\WINDOWS\System32\NSI.dll
0x00007fffb4780000 - 0x00007fffb4797000 	C:\WINDOWS\SYSTEM32\dhcpcsvc6.DLL
0x00007fffb4760000 - 0x00007fffb477d000 	C:\WINDOWS\SYSTEM32\dhcpcsvc.DLL
0x00007fffc1bc0000 - 0x00007fffc1c8b000 	C:\WINDOWS\SYSTEM32\DNSAPI.dll

VM Arguments:
jvm_args: -Xmx2048m -Dfile.encoding=windows-1252 -Duser.country=MX -Duser.language=es -Duser.variant 
java_command: org.gradle.launcher.daemon.bootstrap.GradleDaemon 6.1.1
java_class_path (initial): C:\Users\Desarrollo\.gradle\wrapper\dists\gradle-6.1.1-all\cfmwm155h49vnt3hynmlrsdst\gradle-6.1.1\lib\gradle-launcher-6.1.1.jar
Launcher Type: SUN_STANDARD

Environment Variables:
PATH=C:\Program Files (x86)\Common Files\Oracle\Java\javapath;C:\windows\system32;C:\windows;C:\windows\System32\Wbem;C:\windows\System32\WindowsPowerShell\v1.0\;C:\windows\System32\OpenSSH\;C:\Program Files\Java\jdk-12.0.2\bin;C:\Program Files (x86)\NVIDIA Corporation\PhysX\Common;C:\Python36-32;C:\Python36-32\Lib\site- packages;C:\Python36-32\Lib\site- packages\django\bin;C:\Python36-32\Scripts;C:\Program Files\Microsoft SQL Server\Client SDK\ODBC\130\Tools\Binn\;C:\Program Files (x86)\Microsoft SQL Server\140\Tools\Binn\;C:\Program Files\Microsoft SQL Server\140\Tools\Binn\;C:\Program Files\Microsoft SQL Server\140\DTS\Binn\;C:\Program Files (x86)\Microsoft SQL Server\150\DTS\Binn\;C:\Program Files\Java\jre1.8.0_111\bin;C:\WINDOWS\system32;C:\WINDOWS;C:\WINDOWS\System32\Wbem;C:\WINDOWS\System32\WindowsPowerShell\v1.0\;C:\WINDOWS\System32\OpenSSH\;C:\Program Files\Git\cmd;D:\Programs\Neovim\bin;C:\Program Files\Microsoft SQL Server\130\Tools\Binn\;C:\Program Files\Microsoft SQL Server\Client SDK\ODBC\170\Tools\Binn\;C:\Program Files\dotnet\;D:\xamp\php;C:\ProgramData\ComposerSetup\bin;C:\Program Files\Docker\Docker\resources\bin;C:\ProgramData\DockerDesktop\version-bin;C:\Program Files\nodejs\;C:\Users\Desarrollo\AppData\Local\Microsoft\WindowsApps;C:\Users\Desarrollo\AppData\Local\Programs\Python\Python38;C:\Users\Desarrollo\AppData\Local\Programs\Python\Python38\Scripts;C:\Users\Desarrollo\AppData\Local\Programs\Microsoft VS Code\bin;C:\Program Files\Java\jdk1.8.0_111\bin;C:\Program Files\PostgreSQL\11\bin;C:\Program Files\PostgreSQL\11\lib;C:\Program Files\nodejs;C:\Users\Desarrollo\AppData\Local\GitHubDesktop\bin;C:\Program Files\JetBrains\PyCharm Community Edition 2020.2.3\bin;;C:\Users\Desarrollo\.dotnet\tools;C:\Users\Desarrollo\AppData\Roaming\Composer\vendor\bin;C:\Users\Desarrollo\AppData\Roaming\npm
USERNAME=Desarrollo
OS=Windows_NT
PROCESSOR_IDENTIFIER=Intel64 Family 6 Model 142 Stepping 10, GenuineIntel



---------------  S Y S T E M  ---------------

OS: Windows 10.0 , 64 bit Build 19041 (10.0.19041.546)

CPU:total 4 (initial active 4) (2 cores per cpu, 2 threads per core) family 6 model 142 stepping 10, cmov, cx8, fxsr, mmx, sse, sse2, sse3, ssse3, sse4.1, sse4.2, popcnt, avx, avx2, aes, clmul, erms, 3dnowpref, lzcnt, ht, tsc, tscinvbit, bmi1, bmi2, adx

Memory: 4k page, physical 8269220k(564792k free), swap 13974948k(3836k free)

vm_info: OpenJDK 64-Bit Server VM (25.242-b01) for windows-amd64 JRE (1.8.0_242-release-1644-b01), built by "builder" with MS VC++ 10.0 (VS2010)

time: Sat Jun 05 20:02:28 2021
timezone: Hora est. Pacífico, Sudamérica
elapsed time: 9 seconds (0d 0h 0m 9s)

